<?xml version="1.0" encoding="UTF-8"?>
<testsuite name="GitHubSearchTest" tests="1" skipped="0" failures="0" errors="0" timestamp="2022-09-16T12:14:49" hostname="DESKTOP-GNHUEN3" time="7.784">
  <properties/>
  <testcase name="checkGitHubSearch()" classname="GitHubSearchTest" time="7.784"/>
  <system-out><![CDATA[2022-09-16T18:14:57.566138400
]]></system-out>
  <system-err><![CDATA[SLF4J: Failed to load class "org.slf4j.impl.StaticLoggerBinder".
SLF4J: Defaulting to no-operation (NOP) logger implementation
SLF4J: See http://www.slf4j.org/codes.html#StaticLoggerBinder for further details.
Starting ChromeDriver 105.0.5195.52 (412c95e518836d8a7d97250d62b29c2ae6a26a85-refs/branch-heads/5195@{#853}) on port 64704
Only local connections are allowed.
Please see https://chromedriver.chromium.org/security-considerations for suggestions on keeping ChromeDriver safe.
ChromeDriver was started successfully.
Sep 16, 2022 6:14:49 PM org.openqa.selenium.remote.ProtocolHandshake createSession
INFO: Detected upstream dialect: W3C
Sep 16, 2022 6:14:49 PM org.openqa.selenium.devtools.CdpVersionFinder findNearestMatch
WARNING: Unable to find an exact match for CDP version 105, so returning the closest version found: 102
Sep 16, 2022 6:14:49 PM org.openqa.selenium.devtools.CdpVersionFinder findNearestMatch
INFO: Found CDP implementation for version 105 of 102
]]></system-err>
</testsuite>
